B
BB
BBB
BBU
BBI
BBS
BBA
BBN
BBC
BBJ
BBD
BBE
BU
BUB
BUU
BUI
BUS
BUA
BUN
BUC
BUJ
BUD
BUE
BI
BIB
BIU
BII
BIS
BIA
BIN
BIC
BIJ
BID
BIE
BS
BSB
BSU
BSI
BSS
BSA
BSN
BSC
BSJ
BSD
BSE
BA
BAB
BAU
BAI
BAS
BAA
BAN
BAC
BAJ
BAD
BAE
BN
BNB
BNU
BNI
BNS
BNA
BNN
BNC
BNJ
BND
BNE
BC
BCB
BCU
BCI
BCS
BCA
BCN
BCC
BCJ
BCD
BCE
BJ
BJB
BJU
BJI
BJS
BJA
BJN
BJC
BJJ
BJD
BJE
BD
BDB
BDU
BDI
BDS
BDA
BDN
BDC
BDJ
BDD
BDE
BE
BEB
BEU
BEI
BES
BEA
BEN
BEC
BEJ
BED
BEE
U
UB
UBB
UBU
UBI
UBS
UBA
UBN
UBC
UBJ
UBD
UBE
UU
UUB
UUU
UUI
UUS
UUA
UUN
UUC
UUJ
UUD
UUE
UI
UIB
UIU
UII
UIS
UIA
UIN
UIC
UIJ
UID
UIE
US
USB
USU
USI
USS
USA
USN
USC
USJ
USD
USE
UA
UAB
UAU
UAI
UAS
UAA
UAN
UAC
UAJ
UAD
UAE
UN
UNB
UNU
UNI
UNS
UNA
UNN
UNC
UNJ
UND
UNE
UC
UCB
UCU
UCI
UCS
UCA
UCN
UCC
UCJ
UCD
UCE
UJ
UJB
UJU
UJI
UJS
UJA
UJN
UJC
UJJ
UJD
UJE
UD
UDB
UDU
UDI
UDS
UDA
UDN
UDC
UDJ
UDD
UDE
UE
UEB
UEU
UEI
UES
UEA
UEN
UEC
UEJ
UED
UEE
I
IB
IBB
IBU
IBI
IBS
IBA
IBN
IBC
IBJ
IBD
IBE
IU
IUB
IUU
IUI
IUS
IUA
IUN
IUC
IUJ
IUD
IUE
II
IIB
IIU
III
IIS
IIA
IIN
IIC
IIJ
IID
IIE
IS
ISB
ISU
ISI
ISS
ISA
ISN
ISC
ISJ
ISD
ISE
IA
IAB
IAU
IAI
IAS
IAA
IAN
IAC
IAJ
IAD
IAE
IN
INB
INU
INI
INS
INA
INN
INC
INJ
IND
INE
IC
ICB
ICU
ICI
ICS
ICA
ICN
ICC
ICJ
ICD
ICE
IJ
IJB
IJU
IJI
IJS
IJA
IJN
IJC
IJJ
IJD
IJE
ID
IDB
IDU
IDI
IDS
IDA
IDN
IDC
IDJ
IDD
IDE
IE
IEB
IEU
IEI
IES
IEA
IEN
IEC
IEJ
IED
IEE
S
SB
SBB
SBU
SBI
SBS
SBA
SBN
SBC
SBJ
SBD
SBE
SU
SUB
SUU
SUI
SUS
SUA
SUN
SUC
SUJ
SUD
SUE
SI
SIB
SIU
SII
SIS
SIA
SIN
SIC
SIJ
SID
SIE
SS
SSB
SSU
SSI
SSS
SSA
SSN
SSC
SSJ
SSD
SSE
SA
SAB
SAU
SAI
SAS
SAA
SAN
SAC
SAJ
SAD
SAE
SN
SNB
SNU
SNI
SNS
SNA
SNN
SNC
SNJ
SND
SNE
SC
SCB
SCU
SCI
SCS
SCA
SCN
SCC
SCJ
SCD
SCE
SJ
SJB
SJU
SJI
SJS
SJA
SJN
SJC
SJJ
SJD
SJE
SD
SDB
SDU
SDI
SDS
SDA
SDN
SDC
SDJ
SDD
SDE
SE
SEB
SEU
SEI
SES
SEA
SEN
SEC
SEJ
SED
SEE
A
AB
ABB
ABU
ABI
ABS
ABA
ABN
ABC
ABJ
ABD
ABE
AU
AUB
AUU
AUI
AUS
AUA
AUN
AUC
AUJ
AUD
AUE
AI
AIB
AIU
AII
AIS
AIA
AIN
AIC
AIJ
AID
AIE
AS
ASB
ASU
ASI
ASS
ASA
ASN
ASC
ASJ
ASD
ASE
AA
AAB
AAU
AAI
AAS
AAA
AAN
AAC
AAJ
AAD
AAE
AN
ANB
ANU
ANI
ANS
ANA
ANN
ANC
ANJ
AND
ANE
AC
ACB
ACU
ACI
ACS
ACA
ACN
ACC
ACJ
ACD
ACE
AJ
AJB
AJU
AJI
AJS
AJA
AJN
AJC
AJJ
AJD
AJE
AD
ADB
ADU
ADI
ADS
ADA
ADN
ADC
ADJ
ADD
ADE
AE
AEB
AEU
AEI
AES
AEA
AEN
AEC
AEJ
AED
AEE
N
NB
NBB
NBU
NBI
NBS
NBA
NBN
NBC
NBJ
NBD
NBE
NU
NUB
NUU
NUI
NUS
NUA
NUN
NUC
NUJ
NUD
NUE
NI
NIB
NIU
NII
NIS
NIA
NIN
NIC
NIJ
NID
NIE
NS
NSB
NSU
NSI
NSS
NSA
NSN
NSC
NSJ
NSD
NSE
NA
NAB
NAU
NAI
NAS
NAA
NAN
NAC
NAJ
NAD
NAE
NN
NNB
NNU
NNI
NNS
NNA
NNN
NNC
NNJ
NND
NNE
NC
NCB
NCU
NCI
NCS
NCA
NCN
NCC
NCJ
NCD
NCE
NJ
NJB
NJU
NJI
NJS
NJA
NJN
NJC
NJJ
NJD
NJE
ND
NDB
NDU
NDI
NDS
NDA
NDN
NDC
NDJ
NDD
NDE
NE
NEB
NEU
NEI
NES
NEA
NEN
NEC
NEJ
NED
NEE
C
CB
CBB
CBU
CBI
CBS
CBA
CBN
CBC
CBJ
CBD
CBE
CU
CUB
CUU
CUI
CUS
CUA
CUN
CUC
CUJ
CUD
CUE
CI
CIB
CIU
CII
CIS
CIA
CIN
CIC
CIJ
CID
CIE
CS
CSB
CSU
CSI
CSS
CSA
CSN
CSC
CSJ
CSD
CSE
CA
CAB
CAU
CAI
CAS
CAA
CAN
CAC
CAJ
CAD
CAE
CN
CNB
CNU
CNI
CNS
CNA
CNN
CNC
CNJ
CND
CNE
CC
CCB
CCU
CCI
CCS
CCA
CCN
CCC
CCJ
CCD
CCE
CJ
CJB
CJU
CJI
CJS
CJA
CJN
CJC
CJJ
CJD
CJE
CD
CDB
CDU
CDI
CDS
CDA
CDN
CDC
CDJ
CDD
CDE
CE
CEB
CEU
CEI
CES
CEA
CEN
CEC
CEJ
CED
CEE
J
JB
JBB
JBU
JBI
JBS
JBA
JBN
JBC
JBJ
JBD
JBE
JU
JUB
JUU
JUI
JUS
JUA
JUN
JUC
JUJ
JUD
JUE
JI
JIB
JIU
JII
JIS
JIA
JIN
JIC
JIJ
JID
JIE
JS
JSB
JSU
JSI
JSS
JSA
JSN
JSC
JSJ
JSD
JSE
JA
JAB
JAU
JAI
JAS
JAA
JAN
JAC
JAJ
JAD
JAE
JN
JNB
JNU
JNI
JNS
JNA
JNN
JNC
JNJ
JND
JNE
JC
JCB
JCU
JCI
JCS
JCA
JCN
JCC
JCJ
JCD
JCE
JJ
JJB
JJU
JJI
JJS
JJA
JJN
JJC
JJJ
JJD
JJE
JD
JDB
JDU
JDI
JDS
JDA
JDN
JDC
JDJ
JDD
JDE
JE
JEB
JEU
JEI
JES
JEA
JEN
JEC
JEJ
JED
JEE
D
DB
DBB
DBU
DBI
DBS
DBA
DBN
DBC
DBJ
DBD
DBE
DU
DUB
DUU
DUI
DUS
DUA
DUN
DUC
DUJ
DUD
DUE
DI
DIB
DIU
DII
DIS
DIA
DIN
DIC
DIJ
DID
DIE
DS
DSB
DSU
DSI
DSS
DSA
DSN
DSC
DSJ
DSD
DSE
DA
DAB
DAU
DAI
DAS
DAA
DAN
DAC
DAJ
DAD
DAE
DN
DNB
DNU
DNI
DNS
DNA
DNN
DNC
DNJ
DND
DNE
DC
DCB
DCU
DCI
DCS
DCA
DCN
DCC
DCJ
DCD
DCE
DJ
DJB
DJU
DJI
DJS
DJA
DJN
DJC
DJJ
DJD
DJE
DD
DDB
DDU
DDI
DDS
DDA
DDN
DDC
DDJ
DDD
DDE
DE
DEB
DEU
DEI
DES
DEA
DEN
DEC
DEJ
DED
DEE
E
EB
EBB
EBU
EBI
EBS
EBA
EBN
EBC
EBJ
EBD
EBE
EU
EUB
EUU
EUI
EUS
EUA
EUN
EUC
EUJ
EUD
EUE
EI
EIB
EIU
EII
EIS
EIA
EIN
EIC
EIJ
EID
EIE
ES
ESB
ESU
ESI
ESS
ESA
ESN
ESC
ESJ
ESD
ESE
EA
EAB
EAU
EAI
EAS
EAA
EAN
EAC
EAJ
EAD
EAE
EN
ENB
ENU
ENI
ENS
ENA
ENN
ENC
ENJ
END
ENE
EC
ECB
ECU
ECI
ECS
ECA
ECN
ECC
ECJ
ECD
ECE
EJ
EJB
EJU
EJI
EJS
EJA
EJN
EJC
EJJ
EJD
EJE
ED
EDB
EDU
EDI
EDS
EDA
EDN
EDC
EDJ
EDD
EDE
EE
EEB
EEU
EEI
EES
EEA
EEN
EEC
EEJ
EED
EEE